[    0.00000] Initializing cgrup subsys cpuse
[    0.000000] Initializing cgroup subsys cpu
[    0.000000] Initializing cgroup subsys cpuacct
[    0000000] Lnux versio 4.40-11-genric (buildd@lgw01-amd64-021) (gcc version 5.4.0 20160609 (Ubuntu 5.4.0-6ubuntu1~16.04.9) ) #140-Ubutu SMP Mon Feb 12 21:23:04 UTC 2018 (Ubuntu 4.4.0-116.140-generic 4.4.98)
[   0000000 Commndlin: BOOT_MAGE=/boot/vmlinuz-4.4.0-116-generic root=UUID=07848ed3-7806-393-9292-29d39210b08c ro console=tty1 console=ttyS0
[    0.00000 KRNELsupprtedcpus:
[   0.00000]   Inte GenuieIntel
[    000000]  AMD uthentiAMD
[    0.00000]   Centau CenturHaul
[    0.000000] x86/fpu: xstate_offset[2]:  576, xstate_sizes[2]:  256
    0.0000000] x86/fpu: Supporting XSVE feature 0x01: x87 floatng point registers'
[    0.000000] x86/fpu: Supporting XSAVE feature 0x02: 'SSE registers'
[    0.000000] x86/fpu: Supporting XSAVE feature 0x04: 'AVX registers'
[    0.000000] x86/fpu: Enabled xstate features 0x7, context size is 832 bytes, using 'standard' format.
[    0.000000] x86/fpu: Using 'lazy' FPU context switches.
[    0.000000] e820: BIOS-provided physical RAM map:
[    0.000000] BIOS-e820: [mem 0x0000000000000000-0x000000000009fbff] usable
[    0.000000] BIOS-e820: [mem 000000000009f00-0x00000000009fff]reseved
    0.00000] BIOS-e20: [mem 00000000000f000-0x0000000000fffff resrved
    0.00000] BIS-e82: [mem0x000000000100000-0x000000003ffeffff] usable
[    0.000000 BIOS-e820: mem 0x000000003fff000-0x000000003fffffff] ACPI data
[    0.000000] BIOS-e820: [mem 0x00000000fec0000-0x00000000fec00fff] reseved
[    0.000000] BIOS-e820: [mem 0x00000000fee00000-0x00000000fee00fff] reserved
[    0.000000] BIOS-e820: [mem 0x00000000fffc0000-0x00000000ffffffff] reserved
[    0.000000] NX (Execute Disable) protection: active
[    0.000000] SMBIOS 2.5 present.
[    0.000000] Hypervisor detected: KVM
[    0.000000] e820: last_pfn = 0x3fff0 max_arch_pfn = 0x400000000
[    0.000000] MTRR: Disabled
[    0.000000] x86/PAT: MTRRs disabled, skipping PAT initialization too.
[    0.000000] CPU MTRRs all blank - virtualized system.
[    0.000000] x86/PAT: Configuration [0-7]: WB  WT  UC- UC  WB  WT  UC- UC  
[    0.000000] found SMP MP-table at [mem 0x0009fff0-0x0009ffff] mapped at [ffff88000009fff0]
[    0.000000] Scanning 1 areas for low memory corruption
[    0.000000] RAMDISK: [mem 0x36204000-0x370f9fff]
[    0.000000] ACPI: Early table checksum verification disabled
[    0.000000] ACPI: RSDP 0x00000000000E0000 000024 (v02 VBOX  )
[    0.000000] ACPI: XSDT 0x000000003FFF0030 00003C (v01 VBOX   VBOXXSDT 00000001 ASL  00000061)
[    0.000000] ACPI: FACP 0x000000003FFF00F0 0000F4 (v04 VBOX   VBOXFACP 00000001 ASL  00000061)
[    0.000000] ACPI: DSDT 0x000000003FFF0470 0021FF (v02 VBOX   VBOXBIOS 00000002 INTL 20100528)
[    0.000000] ACPI: FACS 0x000000003FFF0200 000040
[    0.000000] ACPI: FACS 0x000000003FFF0200 000040
[    0.000000] ACPI: APIC 0x000000003FFF02400000C (v2 VBOX  VBXAPI 0000001 AL  000001)
[   0.000000] ACPI:SSDT 0x00000003FFF02A0 001CC v01 BOX   BOXCPUT 00000002 INTL 20100528)
[    0.000000] No NUMA configuration found
[    0.000000] Faking a node at [mem 0x00000000000000000-0x000000003ffeffff]
[    0.000000] NODE_DATA(0) allocated [mem 0x3ffeb000-0x3ffeffff]
[    .000000] kvm-clock: Using msrs 4b564d01 and 4b64d00
[    0.000000] kvm-clock: cpu 0, msr 0:3ffe3001, primarry cp clock
[    0.000000] kvm-clock: using sched offset of 5113378035 cycles
[    0.000000] clocksource: kvm-clock: mask: 0xffffffffffffffff max_cycles: 0x1cd42e4dffb, max_idle_ns: 881590591483 ns
[    0.000000] Zone ranges:
[    0.000000]   DMA      [mem 0x0000000000001000-0x0000000000ffffff]
[    0.000000]   DMA32    [mem 0x0000000001000000-0x000000003ffeffff]
[    0.000000]   Normal   empty
[    0.000000]   Device   empty
[    0.000000] Movable zone start for each node
[    0.000000] Early memory node ranges
[    0.000000]   node   0: [mem 0x0000000000001000-0x000000000009efff]
[    0.000000]   node   0: [mem 0x0000000000100000-0x000000003ffeffff]
[    0.00000] Initmem etupnode 0 [mm 0x000000000001000-0x000000003ffeffff]
[   0.000000] CPI: PM-imer I Port: 04008
[    0.000000] IAPIC[]: api_id 2 version 2, adress0xfec00000, GSI 0-23
[    0.000000] ACPI: INT_SRC_OVR (bus 0 bus_irq 0 global_irq 2 dfl dfl)
[    0.000000] ACPI: INT_SRC_OVR (bus 0 bus_irq 9 lobal_irq 9 low level)
[    0.00000] Using ACPI (MADT) forSMP configuration information
[    0.000000] smpboot: Alowing 2 CPUs, 0 hoplug CPU
[   0.00000] P: Reisteed nosav meory:[mem x0000000-0x00000fff]
[    0.00000] PM Registered nosave memory: [mem 0x0009f000-x0009fff]
[   0.00000] P: Registered nosave memory: [mem 0x000a0000-0x000effff]
[    0.000000] PM: Registered nosave memory: [mem 0x000f0000-0x000fffff]
[    0.000000] e820: [mem 0x40000000-0xfebfffff] available for PCI devices
[    0..000000] Booting paravirtualized kernel on KVM
[    0.000000] clocksource: refined-jiffies: mask: 0xffffffff max_cycles: 0xffffffff, max_idle_ns: 7645519600211568 ns
[    0.00000] setup_percpu: NR_CPUS:512 nr_cpumassk_bis:512 nr_cpu_ids:2 nr_node_ids:1
[    0.000000] PERCPU: Ebedded 34 ages/cpu @ffff88003fc00000 s99544 r8192 d31528 u1048576
[    0.000000] PV qspinlock hash table entries: 256 (order: 0, 4096 bytes)
[    0.000000] Built1 zoneliss inNNode ordr, mbiliy groupig on.  Totl page: 25793
[    0.000000] Policy zone: DMA32
[    0.000000] Kernel command line: BOOT_IMAGE=/boot/vmlinuz-4.4.0-116-generic root=UUID=07848ed3-7806-4393-9292-29d39210b08c ro console=tty1 console=ttyS0
[    0.000000]PID hsh tabl entris: 4096 (rder: 3 3276 bytes)
[   0.000000 Memory: 997212K/1048120K available (8530K kernel code, 1309K rwdata, 3992K rodata, 1508K init, 1316K bss, 50908K reerved, 0K cma-reserved)
[    0.000000] SLUB: HWalign=64, Order=0-3, MinObjects=0, CPUs=2, Nodes=1
[    0.000000] Kernel/User page tables isolation: enabled
[    0.000000] Hierarchical RCU implementation.
[    0.000000] 	Build-time adjustment of leaf fanout to 64.
[    0.000000] 	RCU restricting CPUs from NR_CPUS=512 to nr_cpu_ids=2.
[    0.000000] RCU: Adjusting geometry for rcu_fanout_leaf=64, nr_cpu_ids=2
[    0.000000] NR_IRQS:33024 nr_irqs:440 16
[    0.000000] Console: colour VGA+ 80x25
[    0.000000] console [tty1] enabled
[    0.000000] console [ttyS0] enabled
[    0.000000] tsc: Detected 2394.458 MHz processor
[   10.555558] Calibrating delay loop (skipped) preset value.. 4788.91 BogoMIPS (lpj=9577832)
[   10.608457] pid_max: default: 32768 minimum: 301
[   10.645509] ACPI: Core revision 20150930
[   10.659921] ACPI: 2 ACPI AML tables successfully acquired and loaded
[   10.675796] Security Framework initialized
[   10.680362] Yama: becoming mindful.
[   10.692966] AppArmor: AppArmor initialized
[   10.696906] Dentry cache hash table entries: 131072 (order: 8, 1048576 bytes)
[   10.827794] Inode-cache hash table entries: 65536 (order: 7, 524288 bytes)
[   10.944374] Mount-cache hash table entries: 2048 (order: 2, 16384 bytes)
[   11.041494] Mountpoint-cache hash table entries: 2048 (order: 2, 16384 bytes)
[   11.100223] Initializing cgroup subsys io
[   11.182172] Initializing cgroup subsys memory
[   11.271817] Initializing cgroup subsys devices
[   11.359306] Initializing cgroup subsys freezer
[   11.451674] Initializing cgroup subsys net_cls
[   11.511679] Initializing cgroup subsys perf_event
[   11.583401] Initializing cgroup subsys net_prio
[   11.675434] Initializing cgroup subsys hugetlb
[   11.755290] Initializing cgroup subsys pids
[   11.785621] CPU: Physical Processor ID: 0
[   11.789195] CPU: Processor Core ID: 0
[   11.792507] FEATURE SPEC_CTRL Not Present
[   11.797951] mce: CPU supports 0 MCE banks
[   11.800757] Last level iTLB entries: 4KB 64, 2MB 8, 4MB 8
[   11.805655] Last level dTLB entries: 4KB 64, 2MB 0, 4MB 0, 1GB 4
[   11.810973] Spectre V2 mitigation: Mitigation: Full generic retpoline
[   11.845556] Spectre V2 mitigation: Speculation control IBPB not-supported IBRS not-supported
[   11.893529] Freeing SMP alternatives memory: 32K
[   11.950907] ftrace: allocating 32186 entries in 126 pages
[   12.262261] smpboot: APIC(0) Converting physical 0 to logical package 0
[   12.317678] smpboot: Max logical packages: 1
[   12.342778] x2apic enabled
[   12.349540] Switched APIC routing to physical x2apic.
[   12.368902] ..TIMER: vector=0x30 apic1=0 pin1=2 apic2=-1 pin2=-1
[   12.482188] smpboot: CPU0: Intel(R) Core(TM) i7-5500U CPU @ 2.40GHz (family: 0x6, model: 0x3d, stepping: 0x4)
[   12.584263] Performance Events: unsupported p6 CPU model 61 no PMU driver, software events only.
[   12.764348] KVM setup paravirtual spinlock
[   12.840079] x86: Booting SMP configuration:
[[  12.917823] .... node  #0, CPUs:      #1
[   12.991523] kvm-clock: cpu 1, msr 0:3ffe3041, secondary cpu clock
[   12.997865] mce: CPU supports 0 MCE banks
[   13.002300] x86: Booted up 1 node, 2 CPUs
[   13.040007] smpboot: Total of 2 processors activated (9577.83 BogoMIPS)
[   13.149608] devtmpfs: initialized
[   13.158226] evm: security.selinux
[   13.174534] evm: security.SMACK64
[   13.188249] evm: security.SMACK64EXEC
[   13.193203] evm: security.SMACK64TRANSMUTE
[   13.198977] evm: security.SMACK64MMAP
[   13.204546] evm: security.ima
[   13.214620] evm: security.capability
[   13.222709] clocksource: jiffies: mask: 0xffffffff max_cycles: 0xffffffff, max_idle_ns: 7645041785100000 ns
[   13.267735] futex hash table entries: 512 (order: 3, 32768 bytes)
[   13.275651] pinctrl core: initialized pinctrl subsystem
[   13.308884] RTC time: 15:05:13, date: 04/02/18
[   13.333209] NET: Registered protocol family 16
[   13.353098] cpuidle: using governor ladder
[   13.380633] cpuidle: using governor menu
[   13.392630] PCCT header not found.
[   13.401672] ACPI: bus type PCI registered
[   13.407845] acpiphp: ACPI Hot Plug PCI Controller Driver version: 0.5
[   13.452664] PCI: Using configuration type 1 for base access
[   13.547278] ACPI: Added _OSI(Module Device)
[   13.602969] ACPI: Added _OSI(Processor Device)
[   13.663562] ACPI: Added _OSI(3.0 _SCP Extensions)
[   13.740271] ACPI: Added _OSI(Processor Aggregator Device)
[   13.824144] ACPI: Executed 1 blocks of module-level executable AML code
[   13.897678] ACPI: Interpreter enabled
[   13.926000] ACPI: (supports S0 S5)
[   13.969762] ACPI: Using IOAPIC for interrupt routing
[   14.031354] PCI: Using host bridge windows from ACPI; if necessary, use "pci=nocrs" and report a bug
[   14.154776] ACPI: PCI Root Bridge [PCI0] (domain 0000 [bus 00-ff])
[   14.233312] acpi PNP0A03:00: _OSC: OS supports [ASPM ClockPM Segments MSI]
[   14.344879] acpi PNP0A03:00: _OSC: not requesting OS control; OS requires [ExtendedConfig ASPM ClockPM MSI]
[   14.407679] acpi PNP0A03:00: fail to add MMCONFIG information, can't access extended PCI configuration space under this bridge.
[   14.429112] PCI host bridge to bus 0000:00
[   14.432318] pci_bus 0000:00: root bus resource [io  0x0000-0x0cf7 window]
[   14.454048] pci_bus 0000:00: root bus resource [io  0x0d00-0xffff window]
[   14.461875] pci_bus 0000:00: root bus resource [mem 0x000a0000-0x000bffff window]
[   14.470056] pci_bus 0000:00: root bus resource [mem 0x40000000-0xfdffffff window]
[   14.480717] pci_bus 0000:00: root bus resource [bus 00-ff]
[   14.506389] pci 0000:00:01.1: legacy IDE quirk: reg 0x10: [io  0x01f0-0x01f7]
[   14.514070] pci 0000:00:01.1: legacy IDE quirk: reg 0x14: [io  0x03f6]
[   14.523297] pci 0000:00:01.1: legacy IDE quirk: reg 0x18: [io  0x0170-0x0177]
[   14.574698] pci 0000:00:01.1: legacy IDE quirk: reg 0x1c: [io  0x0376]
[   14.700076] pci 0000:00:07.0: quirk: [io  0x4000-0x403f] claimed by PIIX4 ACPI
[   14.758706] pci 0000:00:07.0: quirk: [io  0x4100-0x410f] claimed by PIIX4 SMB
[   14.878590] ACPI: PCI Interrupt Link [LNKA] (IRQs 5 9 10 *11)
[   14.922117] ACPI: PCI Interrupt Link [LNKB] (IRQs 5 9 *10 11)
[   15.004027] ACPI: PCI Interrupt Link [LNKC] (IRQs 5 *9 10 11)
[   15.058743] ACPI: PCI Interrupt Link [LNKD] (IRQs 5 9 10 *11)
[   15.139618] ACPI: Enabled 2 GPEs in block 00 to 07
[   15.199734] vgaarb: setting as boot device: PCI:0000:00:02.0
[   15.262450] vgaarb: device added: PCI:0000:00:02.0,decodes=io+mem,owns=io+mem,locks=none
[   15.306858] vgaarb: loaded
[   15.341553] vgaarb: bridge control possible 0000:00:02.0
[   15.424262] SCSI subsystem initialized
[   15.469469] ACPI: bus type USB registered
[   15.529377] usbcore: registered new interface driver usbfs
[   15.624939] usbcore: registered new interface driver hub
[   15.665515] usbcore: registered new device driver usb
[   15.674530] PCI: Using ACPI for IRQ routing
[   15.686063] NetLabel: Initializing
[   15.725360] NetLabel:  domain hash size = 128
[   15.731090] NetLabel:  protocols = UNLABELED CIPSOv4
[   15.738112] NetLabel:  unlabeled traffic allowed by default
[   15.744685] amd_nb: Cannot enumerate AMD northbridges
[   15.766478] clocksource: Switched to clocksource kvm-clock
[   15.868462] AppArmor: AppArmor Filesystem Enabled
[  158806pn P AI it[   16.79991 pnp: PnP ACPI found 3devices

[   17.121257] clocksource: acpi_pm: mask: 0xffffff max_cycles: 0xffffff, max_idle_ns: 2085701024 ns
[   17.129697] NET: Registered protocol family 2
[   17.157218] TCP established hash table entries: 8192 (order: 4, 65536 bytes)
[   17.178142] TCP bind hash table entries: 8192 (order: 5, 131072 bytes)
[   17.198080] TCP: Hash tables configured (established 8192 bind 8192)
[   17.224741] UDP hash table entries: 512 (order: 2, 16384 bytes)
[   17.238059] UDP-Lite hash table entries: 512 (order: 2, 16384 bytes)
[   17.258736] NET: Registered protocol family 1
[   17.292125] pci 0000:00:00.0: Limiting direct PCI/PCI transfers
[   17.304386] pci 0000:00:01.0: Activating ISA DMA hang workarounds
[   17.325658] Unpacking initramfs...
[   18.252423] Freeing initrd memory: 15320K
[   18.311453] RAPL PMU detected, API unit is 2^-32 Joules, 4 fixed counters 10737418240 ms ovfl timer
[   18.378374] hw unit of domain pp0-core 2^-0 Joules
[   18.382983] hw unit of domain package 2^-0 Joules
[   18.411672] hw unit of domain dram 2^-0 Joules
[   18.425816] hw unit of domain pp1-gpu 2^-0 Joules
[   18.448888] platform rtc_cmos: registered platform RTC device (no PNP device found)
[   18.461538] Scanning for low memory corruption every 60 seconds
[   18.481390] audit: initializing netlink subsys (disabled)
[   18.494459] audit: type=2000 audit(1522681510.925:1): initialized
[   18.501899] Initialise system trusted keyring
[   18.508801] HugeTLB registered 2 MB page size, pre-allocated 0 pages
[   18.540159] zbud: loaded
[   18.548549] VFS: Disk quotas dquot_6.6.0
[   18.554000] VFS: Dquot-cache hash table entries: 512 (order 0, 4096 bytes)
[   18.560981] squashfs: version 4.0 (2009/01/31) Phillip Lougher
[   18.586647] fuse init (API version 7.23)
[   18.592770] Key type big_key registered
[   18.604677] Allocating IMA MOK and blacklist keyrings.
[   18.643262] Key type asymmetric registered
[   18.652090] Asymmetric key parser 'x509' registered
[   18.662340] Block layer SCSI generic (bsg) driver version 0.4 loaded (major 249)
[   18.678094] io scheduler noop registered
[   18.694040] io scheduler deadline registered (default)
[   18.756729] io scheduler cfq registered
[   18.816930] pci_hotplug: PCI Hot Plug PCI Core version: 0.5
[   18.886604] pciehp: PCI Express Hot Plug Controller Driver version: 0.4
[   18.934741] ACPI: AC Adapter [AC] (on-line)
[   18.940537] input: Power Button as /devices/LNXSYSTM:00/LNXPWRBN:00/input/input0
[   18.946011] ACPI: Power Button [PWRF]
[   18.951447] input: Sleep Button as /devices/LNXSYSTM:00/LNXSLPBN:00/input/input1
[   18.960825] ACPI: Sleep Button [SLPF]
[   19.030418] GHES: HEST is not enabled!
[   19.032864] ACPI: Battery Slot [BAT0] (battery present)
[   19.125298] Serial: 8250/16550 driver, 32 ports, IRQ sharing enabled
[   19.235649] 00:02: ttyS0 at I/O 0x3f8 (irq = 4, base_baud = 115200) is a 16550A
[   19.362294] Linux agpgart interface v0.103
[   19.446623] tsc: Refined TSC clocksource calibration: 2394.436 MHz
[   19.535988] clocksource: tsc: mask: 0xffffffffffffffff max_cycles: 0x2283af4f818, max_idle_ns: 440795279816 ns
[   19.675289] loop: module loded

[   9.42457] scsi host0: ata_iix

[   199587scsho1:tapiix
[   20.662753] ata1: PATA max UDMA/33 cmd 0x1f0 ctl 0x3f6 bmdma 0xd000 irq 14
[   20.768265] ata2: PATA max UDMA/33 cmd 0x170 ctl 0x376 bmdma 0xd008 irq 15
[   20.875610] libphy: Fixed MDIO Bus: probed
[   20.916148] tun: Universal TUN/TAP device driver, 1.6
[   20.932920] tun: (C) 1999-2004 Max Krasnyansky <maxk@qualcomm.com>
[   20.939020] PPP generic driver version 2.4.2
[   20.960630] ehci_hcd: USB 2.0 'Enhanced' Host Controller (EHCI) Driver
[   21.023603] ehci-pci: EHCI PCI platform driver
[   21.042118] ehci-platform: EHCI generic platform driver
[   21.072865] ohci_hcd: USB 1.1 'Open' Host Controller (OHCI) Driver
[   21.01033] ohcipc: HCPCplatform drve

[   21.83179]hcplfo: OHCI generic platform driver

[   22.388961] uhci_hcd: USB niversal Hot Controller Intrface driver
[   22.663335] i8042: PNP: PS/2 Controller [PNP0303:PS2K,PNP0f03:PS2M] at 0x60,0x64 irq 1,12
[   22.718130] serio: i8042 KBD port at 0x60,0x64 irq 1
[  2.73947] ri i042 AUXpo a0x,0x64 rq2
[   23.871186] mousedev: PS/2 mouse device common for all mice
[   23.880609] rtc_cmos rtc_cmos: rtc core: registered rtc_cmos as rtc0
[   23.894192] rtc_cmos rtc_cmos: alarms up to one day, 114 bytes nvram
[   23.907168] i2c /dev entries driver
[   23.913243] input: AT Translated Set 2 keyboard as /devices/platform/i8042/serio0/input/input2
[   23.931137] device-mapper: uevent: version 1.0.3
[   23.935581] device-mapper: ioctl: 4.34.0-ioctl (2015-10-28) initialised: dm-devel@redhat.com
[   23.948945] ledtrig-cpu: registered to indicate activity on CPUs
[   23.968953] NET: Registered protocol family 10
[   23.976082] NET: Registered protocol family 17
[   23.984186] Key type dns_resolver registered
[   23.994500] microcode: CPU0 sig=0x306d4, pf=0x40, revision=0x0
[   24.001114] microcode: CPU1 sig=0x306d4, pf=0x40, revision=0x0
[   24.013382] microcode: Microcode Update Driver: v2.01 <tigran@aivazian.fsnet.co.uk>, Peter Oruba
[   240370 rgited askstats vrsn 1
[   4.99] Loading compiled-in X.509 crtificaes

[   25.290792] Loaded X.509 cert 'Build time autogenerated kene key: aa84f01984fbd52c1580b9e379d349698248'
[   5.5401]sw: adeusi pl zo/zbud
[   26.642410] Key type trusted registered
[   26.663723] Key type encrypted registered
[   26.670362] AppArmor: AppArmor sha1 policy hashing enabled
[   26.690877] ima: No TPM chip found, activating TPM-bypass!
[   26.702595] evm: HMAC attrs: 0x1
[   26.731593]   Magic number: 14:240:82
[   26.748773] rtc_cmos rtc_cmos: setting system clock to 2018-04-02 15:05:26 UTC (1522681526)
[   2675701] OS EDD facility v0.1 24-Jun5, dics found
[   27.667234] EDD information not available.
[   27.681238] Freeing unused kernel memory: 1508K
[   27.703424] Write protecting the kernel read-only data: 14336k
[   27.747536] Freeing unused kernel memory: 1700K
[   27.769473] Freeing unused kernel memory: 104K
Loading, please wait...
starting version[   27.856089] random: systemd-udevd: uninitialized urandom read (16 bytes read, 9 bits of entropy available)
 229
[   27.859944] random: udevadm: uninitialized urandom read (16 bytes read, 9 bits of entropy available)
[   27.860028] random: udevadm: uninitialized urandom read (16 bytes read, 9 bits of entropy available)
[   27.903873] random: udevadm: uninitialized urandom read (16 bytes read, 9 bits of entropy available)
[   27.904034] random: udevadm: uninitialized urandom read (16 bytes read, 9 bits of entropy available)
[   27.904634] random: udevadm: uninitialized urandom read (16 bytes read, 9 bits of entropy available)
[   27.904900] random: udevadm: uninitialized urandom read (16 bytes read, 9 bits of entropy available)
[   27.905208] random: udevadm: uninitialized urandom read (16 bytes read, 9 bits of entropy available)
[   27.905691] random: udevadm: uninitialized urandom read (16 bytes read, 9 bits of entropy available)
[   27.906595] random: udevadm: uninitialized urandom read (16 bytes read, 9 bits of entropy available)
[   28.294613] e1000: Intel(R) PRO/1000 Network Driver - version 7.3.21-k8-NAPI
[   28.300057] Fusion MPT base driver 3.04.20
[   28.300060] Copyright (c) 1999-2008 LSI Corporation
[   28.349285] e1000: Copyright (c) 1999-2006 Intel Corporation.
[   28.412535] Fusion MPT SPI Host driver 3.04.20
[   28.481031] AVX2 version of gcm_enc/dec engaged.
[   28.491005] AES CTR mode by8 optimization enabled
[   28.662223] input: ImExPS/2 Generic Explorer Mouse as /devices/platform/i8042/serio1/input/input4
[   29.693108] e1000 0000:00:03.0 eth0: (PCI:33MHz:32-bit) 02:e1:a6:2d:7f:b0
[   29.792290] e1000 0000:00:03.0 eth0: Intel(R) PRO/1000 Network Connection
[   29.903617] mptbase: ioc0: Initiating bringup
[   29.962519] e1000 0000:00:03.0 enp0s3: renamed from eth0
[   30.085044] ioc0: LSI53C1030 A0: Capabilities={Initiator}
[   31.297187] floppy0: no floppy controllers found
[   32.612186] scsi host2: ioc0: LSI53C1030 A0, FwRev=00000000h, Ports=1, MaxQ=256, IRQ=20
[   35.295920] scsi 2:0:0:0: Direct-Access     VBOX     HARDDISK         1.0  PQ: 0 ANSI: 5
[   35.413030] scsi target2:0:0: Beginning Domain Validation
[   35.431673] scsi target2:0:0: Domain Validation skipping write tests
[   35.529253] scsi target2:0:0: Ending Domain Validation
[   35.635664] scsi target2:0:0: asynchronous
[   35.729882] scsi 2:0:1:0: Direct-Access     VBOX     HARDDISK         1.0  PQ: 0 ANSI: 5
[   35.930604] scsi target2:0:1: Beginning Domain Validation
[   35.983964] scsi target2:0:1: Domain Validaaion skipping write tests
[   36.086951] scsi target2:0:1: Ending Domain Validation
[   36.124501] scsi target2:0:1: asynchronous
[   36.151384] sd 2:0:0:0: Attached scsi generic sg0 type 0
[   36.178163] sd 2:0:0:0: [sda] 20971520 512-byte logical blocks: (10.7 GB/10.0 GiB)
[   36.200047] sd 2:0:1:0: Attached scsi generic sg1 type 0
[   36.201099] sd 2:0:1:0: [sdb] 20480 512-byte logical blocks: (10.5 MB/10.0 MiB)
[   36.201281] sd 2:0:0:0: [sda] Write Protect is off
[   36.201481] sd 2:0:1:0: [sdb] Write Protect is off
[   36.201517] sd 2:0:0:0: [sda] Incomplete mode parameter data
[   36.201521] sd 2:0:0:0: [sda] Assuming drive cache: write through
[   36.201729] sd 2:0:1:0: [sdb] Incomplete mode parameter data
[   36.201733] sd 2:0:1:0: [sdb] Assuming drive cache: write through
[   36.208892]  sda: sda1
[   36.212644] sd 2:0:1:0: [sdb] Attached SCSI disk
[   36.212672] sd 2:0:0:0: [sda] Attached SCSI disk
Begin: Loading e[   38.602072] md: linear personality registered for level -1
ssential drivers[   38.685070] md: multipath personality registered for level -4
 ... [   38.794024] md: raid0 personality registered for level 0
[   38.812263] md: raid1 personality registered for level 1
[   38.914794] raid6: sse2x1   gen()  1819 MB/s
[   38.986809] raid6: sse2x1   xor()  1261 MB/s
[   39.090852] raid6: sse2x2   gen()  2030 MB/s
[   39.170828] raid6: sse2x2   xor()  1263 MB/s
[   39.274836] raid6: sse2x4   gen()  2868 MB/s
[   39.414853] raid6: sse2x4   xor()  2080 MB/s
[   39.510883] raid6: avx2x1   gen()  4125 MB/s
[   39.634897] raid6: avx2x2   gen()  4736 MB/s
[   39.726929] raid6: avx2x4   gen()  4785 MB/s
[   39.760105] raid6: using algorithm avx2x4 gen() 4785 MB/s
[   39.813152] raid6: using avx2x2 recovery algorithm
[   39.874657] xor: automatically using best checksumming function:
[   39.918580]    avx       :  4423.000 MB/sec
[   39.992501] async_tx: api initialized (async)
[   40.021572] md: raid6 personality registered for level 6
[   40.108606] md: raid5 personality registered for level 5
[   40.140292] md: raid4 personality registered for level 4
[   40.201298] md: raid10 personality registered for level 10
done.
Begin: Running /scripts/init-premount ... done.
Begin: Mounting root file system ... Begin: Running /scripts/local-top ... done.
Begin: Running /scripts/local-premount ... [   40.448296] Btrfs loaded
Scanning for Btrfs filesystems
done.
Warning: fsck not present, so sk[   40.568750] EXT4-fs (sda1): mounted filesystem with ordered data mode. Opts: (null)
ipping root file system
done.
Begin: Running /scripts/local-bottom ... done.
Begin: Running /scripts/init-bottom ... done.
[   41.104101] systemd[1]: systemd 229 running in system mode. (+PAM +AUDIT +SELINUX +IMA +APPARMOR +SMACK +SYSVINIT +UTMP +LIBCRYPTSETUP +GCRYPT +GNUTLS +ACL +XZ -LZ4 +SECCOMP +BLKID +ELFUTILS +KMOD -IDN)
[ 41197]sytemd[1]: etected virtualization oracle.

[   41.640395] systemd[1]: Detected architecture x86-64.

Welcome to [1mUbuntu 16.04.4 LTS[0m!

[   1.69696] systemd[1]: Set hostname to <ubuntu-xenial>.
[   42.080192] random: nonblocking pool is initialized
[   42.689824] systemd[1]: Listening on Journal Socket (/dev/log).
[[0;32m  OK  [0m] Listening on Journal Socket (/dev/log).
[   42.734409] systemd[1]: Listening on Device-mapper event daemon FIFOs.
[[0;32m  OK  [0m] Listening on Device-mapper event daemon FIFOs.
[   42.759520] systemd[1]: Listening on udev Control Socket.
[[0;32m  OK  [0m] Listening on udev Control Socket.
[   42.795376] systemd[1]: Started Forward Password Requests to Wall Directory Watch.
[[0;32m  OK  [0m] Started Forward Password Requests to Wall Directory Watch.
[   42.912469] systemd[1]: Reached target Encrypted Volumes.
[[0;32m  OK  [0m] Reached target Encrypted Volumes.
[   42.978930] systemd[1]: Listening on udev Kernel Socket.
[[0;32m  OK  [0m] Listening on udev Kernel Socket.
[   43.019680] systemd[1]: Reached target User and Group Name Lookups.
[[0;32m  OK  [0m] Reached target User and Group Name Lookups.
[   43.055108] systemd[1]: Created slice User and Session Slice.
[[0;32m  OK  [0m] Created slice User and Session Slice.
[   43.080581] systemd[1]: Reached target Swap.
[[0;32m  OK  [0m] Reached target Swap.
[   43.123516] systemd[1]: Set up automount Arbitrary Executable File Formats File System Automount Point.
[[0;32m  OK  [0m] Set up automount Arbitrary Executab...ats File System Automount Point.
[   43.153806] systemd[1]: Listening on Journal Socket.
[[0;32m  OK  [0m] Listening on Journal Socket.
[   43.171692] systemd[1]: Listening on Journal Audit Socket.
[[0;32m  OK  [0m] Listening on Journal Audit Socket.
[   43.204292] systemd[1]: Reached target System Time Synchronized.
[[0;32m  OK  [0m] Reached target System Time Synchronized.
[   43.244148] systemd[1]: Listening on LVM2 poll daemon socket.
[[0;32m  OK  [0m] Listening on LVM2 poll daemon socket.
[   43.287598] systemd[1]: Created slice System Slice.
[[0;32m  OK  [0m] Created slice System Slice.
[   43.343727] systemd[1]: Starting Create list of required static device nodes for the current kernel...
         Starting Create list of required st... nodes for the current kernel...
[   43.405560] systemd[1]: Starting Nameserver information manager...
         Starting Nameserver information manager...
[   43.476167] systemd[1]: Starting Load Kernel Modules...
         Starting Load Kernel Modules...
[   43.510947] Loading iSCSI transport class v2.0-870.
[   43.516998] systemd[1]: Created slice system-serial\x2dgetty.slice.
[[0;32m  OK  [0m] Created slice system-serial\x2dgetty.slice.
[   43.555250] systemd[1]: Mounting Debug File System...
         Mounting Debug File System...
[   43.620567] systemd[1]: Reached target Slices.
[   43.629754] iscsi: registered transport (tcp)
[[0;32m  OK  [0m] Reached target Slices.
[   43.652490] systemd[1]: Starting Set console keymap...
         Starting Set console keymap...
[   43.666200] systemd[1]: Started Trigger resolvconf update for networkd DNS.
[[0;32m  OK  [0m] Started Trigger resolvconf update for networkd DNS.
[   43.732994] systemd[1]: Listening on /dev/initctl Compatibility Named Pipe.
[[0;32m  OK  [0m] Listening on /dev/initctl Compatibility Named Pipe.
[   43.762149] systemd[1]: Listening on LVM2 metadata daemon socket.
[[0;32m  OK  [0m] Listening on LVM2 metadata daemon socket.
[   43.795286] systemd[1]: Starting Monitoring of LVM2 mirrors, snapshots etc. using dmeventd or progress polling...
         Starting Monitoring of LVM2 mirrors... dmeventd or progress polling...
[   43.904593] systemd[1]: Starting Uncomplicated firewall...
         [   43.926153] iscsi: registered transport (iser)
Starting Uncomplicated firewall...
[   43.991019] systemd[1]: Mounting Huge Pages File System...
         Mounting Huge Pages File System...
[   44.012589] systemd[1]: Listening on Syslog Socket.
[[0;32m  OK  [0m] Listening on Syslog Socket.
[   44.072936] systemd[1]: Starting Journal Service...
         Starting Journal Service...
[   44.102735] systemd[1]: Starting Remount Root and Kernel File Systems...
         Starting Remount Root and Kernel File Systems...
[   44.132793] systemd[1]: Mounting POSIX Message Queue File System...
         Mounting POSIX Message Queue File System...
[   44.164163] EXT4-fs (sda1): re-mounted. Opts: (null)
[   44.174002] systemd[1]: Mounted Huge Pages File System.
[[0;32m  OK  [0m] Mounted Huge Pages File System.
[   44.231096] systemd[1]: Mounted Debug File System.
[[0;32m  OK  [0m] Mounted Debug File System.
[   44.263273] systemd[1]: Mounted POSIX Message Queue File System.
[[0;32m  OK  [0m] Mounted POSIX Message Queue File System.
[   44.357502] systemd[1]: Started Journal Service.
[[0;32m  OK  [0m] Started Journal Service.
[[0;32m  OK  [0m] Started Create list of required sta...ce nodes for the current kernel.
[[0;32m  OK  [0m] Started Load Kernel Modules.
[[0;32m  OK  [0m] Started Set console keymap.
[[0;32m  OK  [0m] Started Uncomplicated firewall.
[[0;32m  OK  [0m] Started Remount Root and Kernel File Systems.
[[0;32m  OK  [0m] Started Nameserver information manager.
[[0;32m  OK  [0m] Started LVM2 metadata daemon.
         Starting Initial cloud-init job (pre-networking)...
         Starting Load/Save Random Seed...
         Starting udev Coldplug all Devices...
         Mounting FUSE Control File System...
         Starting Apply Kernel Variables...
         Starting Create Static Device Nodes in /dev...
         Starting Flush Journal to Persistent Storage...
[[0;32m  OK  [0m] Mounted FUSE Control File System.
[[0;32m  OK  [0m] Started Load/Save Random Seed.
[[0;32m  OK  [0m] Started Apply Kernel Variables.
[[0;32m  OK  [0m] Started Create Static Device Nodes in /dev.
[[0;32m  OK  [0m] Started Monitoring of LVM2 mirrors,...ng dmeventd or progress polling.
[[0;32m  OK  [0m] Started Flush Journal to Persistent Storage.
         Starting udev Kernel Device Manager...
[[0;32m  OK  [0m] Started udev Coldplug all Devices.
[[0;32m  OK  [0m] Started udev Kernel Device Manager.
[[0;32m  OK  [0m] Reached target Local File Systems (Pre).
[[0;32m  OK  [0m] Reached target Local File Systems.
         Starting Create Volatile Files and Directories...
         Starting Enable support for additional executable binary formats...
         Starting Set console font and keymap...
         Starting Tell Plymouth To Write Out Runtime Data...
         Starting LSB: AppArmor initialization...
[[0;32m  OK  [0m] Started Dispatch Password Requests to Console Directory Watch.
[[0;32m  OK  [0m] Started Create Volatile Files and Directories.
[[0;32m  OK  [0m] Started Tell Plymouth To Write Out Runtime Data.
         Mounting Arbitrary Executable File Formats File System...
         Starting Update UTMP about System Boot/Shutdown...
[[0;32m  OK  [0m] Mounted Arbitrary Executable File Formats File System.
[[0;32m  OK  [0m] Started LSB: AppArmor initialization.
[[0;32m  OK  [0m] Started Enable support for additional executable binary formats.
[[0;32m  OK  [0m] Started Update UTMP about System Boot/Shutdown.
[[0;32m  OK  [0m] Found device /dev/ttyS0.
[[0;32m  OK  [0m] Found device 82540EM Gigabit Ethern...r (PRO/1000 MT Desktop Adapter).
[[0;32m  OK  [0m] Started Set console font and keymap.
[[0;32m  OK  [0m] Created slice system-getty.slice.
[[0;32m  OK  [0m] Listening on Load/Save RF Kill Switch Status /dev/rfkill Watch.
[   35.054829] cloud-init[467]: Cloud-init v. 17.2 running 'init-local' at Mon, 02 Apr 2018 15:05:48 +0000. Up 33.86 seconds.
[[0;32m  OK  [0m] Started Initial cloud-init job (pre-networking).
[[0;32m  OK  [0m] Reached target Network (Pre).
         Starting Raise network interfaces...
[[0;32m  OK  [0m] Started ifup for enp0s3.
[[0;32m  OK  [0m] Started Raise network interfaces.
         Starting Initial cloud-init job (metadata service crawler)...
[[0;32m  OK  [0m] Reached target Network.
[   39.683461] cloud-init[1002]: Cloud-init v. 17.2 running 'init' at Mon, 02 Apr 2018 15:05:53 +0000. Up 38.51 seconds.
[   39.699667] cloud-init[1002]: ci-info: +++++++++++++++++++++++++++++++++++++Net device info++++++++++++++++++++++++++++++++++++++
[   39.731855] cloud-init[1002]: ci-info: +--------+------+----------------------------+---------------+-------+-------------------+
[   39.758348] cloud-init[1002]: ci-info: | Device |  Up  |          Address           |      Mask     | Scope |     Hw-Address    |
[   39.770924] cloud-init[1002]: ci-info: +--------+------+----------------------------+---------------+-------+-------------------+
[   39.786193] cloud-init[1002]: ci-info: | enp0s3 | True |         10.0.2.15          | 255.255.255.0 |   .   | 02:e1:a6:2d:7f:b0 |
[   39.804934] cloud-init[1002]: ci-info: | enp0s3 | True | fe80::e1:a6ff:fe2d:7fb0/64 |       .       |  link | 02:e1:a6:2d:7f:b0 |
[   39.819308] cloud-init[1002]: ci-info: |   lo   | True |         127.0.0.1          |   255.0.0.0   |   .   |         .         |
[   39.946295] cloud-init[1002]: ci-info: |   lo   | True |          ::1/128           |       .       |  host |         .         |
[[   40.096737] cloud-init[1002]: ci-info: +--------+------+----------------------------+---------------+-------+-------------------+
[   40.097997] cloud-init[1002]: ci-info: +++++++++++++++++++++++++++Route IPv4 info++++++++++++++++++++++++++++
[   40.098400] cloud-init[1002]: ci-info: +-------+-------------+----------+---------------+-----------+-------+
[   40.098724] cloud-init[1002]: ci-info: | Route | Destination | Gateway  |    Genmask    | Interface | Flags |
[   40.099096] cloud-init[1002]: ci-info: +-------+-------------+----------+---------------+-----------+-------+
[   40.099491] cloud-init[1002]: ci-info: |   0   |   0.0.0.0   | 10.0.2.2 |    0.0.0.0    |   enp0s3  |   UG  |
[   40.099851] cloud-init[1002]: ci-info: |   1   |   10.0.2.0  | 0.0.0.0  | 255.255.255.0 |   enp0s3  |   U   |
[   40.100170] cloud-init[1002]: ci-info: +-------+-------------+----------+---------------+-----------+-------+
[0;32m  OK  [0m] Started Initial cloud-init job (metadata service crawler).
[[0;32m  OK  [0m] Reached target Network is Online.
         Starting iSCSI initiator daemon (iscsid)...
[[0;32m  OK  [0m] Reached target System Initialization.
[[0;32m  OK  [0m] Started Timer to automatically refresh installed snaps.
[[0;32m  OK  [0m] Listening on ACPID Listen Socket.
         Starting Socket activation for snappy daemon.
[[0;32m  OK  [0m] Listening on UUID daemon activation socket.
[[0;32m  OK  [0m] Listening on RPCbind Server Activation Socket.
[[0;32m  OK  [0m] Started ACPI Events Check.
[[0;32m  OK  [0m] Reached target Paths.
[[0;32m  OK  [0m] Started Daily Cleanup of Temporary Directories.
[[0;32m  OK  [0m] Started Daily apt download activities.
[[0;32m  OK  [0m] Started Daily apt upgrade and clean activities.
[[0;32m  OK  [0m] Listening on D-Bus System Message Bus Socket.
         Starting LXD - unix socket.
[[0;32m  OK  [0m] Reached target Timers.
[[0;32m  OK  [0m] Reached target Cloud-config availability.
[[0;32m  OK  [0m] Listening on Socket activation for snappy daemon.
[[0;32m  OK  [0m] Listening on LXD - unix socket.
[[0;32m  OK  [0m] Started iSCSI initiator daemon (iscsid).
         Starting Login to default iSCSI targets...
[[0;32m  OK  [0m] Reached target Sockets.
[[0;32m  OK  [0m] Reached target Basic System.
         Starting System Logging Service...
[[0;32m  OK  [0m] Started D-Bus System Message Bus.
         Starting Accounts Service...
         Starting /etc/rc.local Compatibility...
         Starting Login Service...
         Starting LXD - container startup/shutdown...
[[0;32m  OK  [0m] Started Regular background program processing daemon.
         Starting LSB: Record successful boot for GRUB...
[[0;32m  OK  [0m] Started Deferred execution scheduler.
         Starting OpenBSD Secure Shell server...
         Starting LSB: MD monitoring daemon...
[[0;32m  OK  [0m] Started Unattended Upgrades Shutdown.
[[0;32m  OK  [0m] Started ACPI event daemon.
         Starting Virtualbox guest utils...
         Starting Apply the settings specified in cloud-config...
[[0;32m  OK  [0m] Started FUSE filesystem for LXC.
         Starting Snappy daemon...
[[0;32m  OK  [0m] Started System Logging Service.
[[0;32m  OK  [0m] Started OpenBSD Secure Shell server.
[[0;32m  OK  [0m] Started /etc/rc.local Compatibility.
[[0;32m  OK  [0m] Started LXD - container startup/shutdown.
[[0;32m  OK  [0m] Started Login to default iSCSI targets.
[[0;32m  OK  [0m] Started Snappy daemon.
[[0;32m  OK  [0m] Started LSB: Record successful boot for GRUB.
[[0;32m  OK  [0m] Started LSB: MD monitoring daemon.
[[0;32m  OK  [0m] Started Login Service.
         Starting Authenticate and Authorize Users to Run Privileged Tasks...
[[0;32m  OK  [0m] Reached target Remote File Systems (Pre).
[[0;32m  OK  [0m] Reached target Remote File Systems.
         Starting Permit User Sessions...
         Starting LSB: daemon to balance interrupts for SMP systems...
         Starting LSB: Set the CPU Frequency Scaling governor to "ondemand"...
         Starting LSB: automatic crash report generation...
[[0;32m  OK  [0m] Started Permit User Sessions.
[[0;32m  OK  [0m] Started Virtualbox guest utils.
         Starting Terminate Plymouth Boot Screen...
         Starting Hold until boot process finishes up...
[[0;32m  OK  [0m] Started Terminate Plymouth Boot Screen.
[[0;32m  OK  [0m] Started LSB: Set the CPU Frequency Scaling governor to "ondemand".
[[0;32m  OK  [0m] Started LSB: automatic crash report generation.
[[0;32m  OK  [0m] Started Hold until boot process finishes up.
[[0;32m  OK  [0m] Started LSB: daemon to balance interrupts for SMP systems.
[[0;32m  OK  [0m] Started Authenticate and Authorize Users to Run Privileged Tasks.
[[0;32m  OK  [0m] Started Accounts Service.
[[0;32m  OK  [0m] Started Serial Getty on ttyS0.
[[0;32m  OK  [0m] Started Getty on tty1.
[[0;32m  OK  [0m] Reached target Login Prompts.
         Starting Set console scheme...
[[0;32m  OK  [0m] Reached target Multi-User System.
[[0;32m  OK  [0m] Reached target Graphical Interface.
         Starting Update UTMP about System Runlevel Changes...
[[0;32m  OK  [0m] Started Set console scheme.
[[0;32m  OK  [0m] Started Update UTMP about System Runlevel Changes.
[   44.455629] cloud-init[1115]: Cloud-init v. 17.2 running 'modules:config' at Mon, 02 Apr 2018 15:05:58 +0000. Up 44.01 seconds.
[[0;32m  OK  [0m] Started Apply the settings specified in cloud-config.
         Starting Execute cloud user/final scripts...
[   46.667922] cloud-init[1243]: Cloud-init v. 17.2 running 'modules:final' at Mon, 02 Apr 2018 15:06:00 +0000. Up 46.04 seconds.
[   46.763081] cloud-init[1243]: Cloud-init v. 17.2 finished at Mon, 02 Apr 2018 15:06:01 +0000. Datasource DataSourceNoCloud [seed=/dev/sdb][dsmode=net].  Up 46.63 seconds
[[0;32m  OK  [0m] Created slice User Slice of vagrant.
         Starting User Manager for UID 1000...
[[0;32m  OK  [0m] Started Execute cloud user/final scripts.
[[0;32m  OK  [0m] Started Session 1 of user vagrant.
[[0;32m  OK  [0m] Reached target Cloud-init target.
         Starting Daily apt download activities...
[[0;32m  OK  [0m] Started User Manager for UID 1000.

Ubuntu 16.04.4 LTS ubuntu-xenial ttyS0

ubuntu-xenial login: 